<?xml version="1.0" encoding="UTF-8"?>
<!-- Generated by org.testng.reporters.JUnitXMLReporter -->
<testsuite ignored="1" hostname="DESKTOP-IMTS92T" failures="0" tests="1" name="Test" time="8.012" errors="0" timestamp="2025-05-21T17:48:02 IST">
  <testcase classname="InventoryTests.AddProductToCartTest" name="tc_01_AddProductToCartTest" time="1.489"/>
  <testcase classname="InventoryTests.AddProductToCartTest" name="sample" time="0.0">
    <ignored/>
  </testcase> <!-- sample -->
</testsuite> <!-- Test -->
