<?xml version="1.0" encoding="UTF-8"?>
<testng-results ignored="1" total="2" passed="1" failed="0" skipped="0">
  <reporter-output>
  </reporter-output>
  <suite started-at="2025-05-21T17:47:54 IST" name="Suite" finished-at="2025-05-21T17:48:02 IST" duration-ms="8012">
    <groups>
      <group name="SmokeSuite">
        <method signature="AddProductToCartTest.tc_01_AddProductToCartTest()[pri:0, instance:InventoryTests.AddProductToCartTest@173ed316]" name="tc_01_AddProductToCartTest" class="InventoryTests.AddProductToCartTest"/>
      </group> <!-- SmokeSuite -->
    </groups>
    <test started-at="2025-05-21T17:47:54 IST" name="Test" finished-at="2025-05-21T17:48:02 IST" duration-ms="8012">
      <class name="InventoryTests.AddProductToCartTest">
        <test-method is-config="true" signature="bsConfig()[pri:0, instance:InventoryTests.AddProductToCartTest@173ed316]" started-at="2025-05-21T17:47:54 IST" name="bsConfig" finished-at="2025-05-21T17:47:54 IST" duration-ms="9" status="PASS">
          <reporter-output>
          </reporter-output>
        </test-method> <!-- bsConfig -->
        <test-method is-config="true" signature="bcConfig()[pri:0, instance:InventoryTests.AddProductToCartTest@173ed316]" started-at="2025-05-21T17:47:54 IST" name="bcConfig" finished-at="2025-05-21T17:47:59 IST" duration-ms="5007" status="PASS">
          <reporter-output>
          </reporter-output>
        </test-method> <!-- bcConfig -->
        <test-method is-config="true" signature="bmConfig()[pri:0, instance:InventoryTests.AddProductToCartTest@173ed316]" started-at="2025-05-21T17:47:59 IST" name="bmConfig" finished-at="2025-05-21T17:48:00 IST" duration-ms="334" status="PASS">
          <reporter-output>
          </reporter-output>
        </test-method> <!-- bmConfig -->
        <test-method signature="tc_01_AddProductToCartTest()[pri:0, instance:InventoryTests.AddProductToCartTest@173ed316]" started-at="2025-05-21T17:48:00 IST" name="tc_01_AddProductToCartTest" finished-at="2025-05-21T17:48:01 IST" duration-ms="1489" status="PASS">
          <reporter-output>
          </reporter-output>
        </test-method> <!-- tc_01_AddProductToCartTest -->
        <test-method is-config="true" signature="amConfig()[pri:0, instance:InventoryTests.AddProductToCartTest@173ed316]" started-at="2025-05-21T17:48:01 IST" name="amConfig" finished-at="2025-05-21T17:48:01 IST" duration-ms="225" status="PASS">
          <reporter-output>
          </reporter-output>
        </test-method> <!-- amConfig -->
        <test-method is-config="true" signature="acConfig()[pri:0, instance:InventoryTests.AddProductToCartTest@173ed316]" started-at="2025-05-21T17:48:01 IST" name="acConfig" finished-at="2025-05-21T17:48:02 IST" duration-ms="517" status="PASS">
          <reporter-output>
          </reporter-output>
        </test-method> <!-- acConfig -->
        <test-method is-config="true" signature="asConfig()[pri:0, instance:InventoryTests.AddProductToCartTest@173ed316]" started-at="2025-05-21T17:48:02 IST" name="asConfig" finished-at="2025-05-21T17:48:02 IST" duration-ms="1" status="PASS">
          <reporter-output>
          </reporter-output>
        </test-method> <!-- asConfig -->
      </class> <!-- InventoryTests.AddProductToCartTest -->
    </test> <!-- Test -->
  </suite> <!-- Suite -->
</testng-results>
