<?xml version="1.0" encoding="UTF-8"?>
<testng-results ignored="0" total="1" passed="1" failed="0" skipped="0">
  <reporter-output>
  </reporter-output>
  <suite started-at="2025-05-16T15:07:26 IST" name="Default suite" finished-at="2025-05-16T15:07:54 IST" duration-ms="27970">
    <groups>
      <group name="Regresssionsuite">
        <method signature="AddLowestPriceProductToCartTest.tc_02_AddLowestPriceProductToCartTest()[pri:0, instance:InventoryTests.AddLowestPriceProductToCartTest@2cf3d63b]" name="tc_02_AddLowestPriceProductToCartTest" class="InventoryTests.AddLowestPriceProductToCartTest"/>
      </group> <!-- Regresssionsuite -->
    </groups>
    <test started-at="2025-05-16T15:07:26 IST" name="Default test" finished-at="2025-05-16T15:07:54 IST" duration-ms="27970">
      <class name="InventoryTests.AddLowestPriceProductToCartTest">
        <test-method is-config="true" signature="bsConfig()[pri:0, instance:InventoryTests.AddLowestPriceProductToCartTest@2cf3d63b]" started-at="2025-05-16T15:07:26 IST" name="bsConfig" finished-at="2025-05-16T15:07:26 IST" duration-ms="17" status="PASS">
          <reporter-output>
          </reporter-output>
        </test-method> <!-- bsConfig -->
        <test-method is-config="true" signature="bcConfig()[pri:0, instance:InventoryTests.AddLowestPriceProductToCartTest@2cf3d63b]" started-at="2025-05-16T15:07:27 IST" name="bcConfig" finished-at="2025-05-16T15:07:44 IST" duration-ms="16587" status="PASS">
          <reporter-output>
          </reporter-output>
        </test-method> <!-- bcConfig -->
        <test-method is-config="true" signature="bmConfig()[pri:0, instance:InventoryTests.AddLowestPriceProductToCartTest@2cf3d63b]" started-at="2025-05-16T15:07:44 IST" name="bmConfig" finished-at="2025-05-16T15:07:45 IST" duration-ms="1169" status="PASS">
          <reporter-output>
          </reporter-output>
        </test-method> <!-- bmConfig -->
        <test-method signature="tc_02_AddLowestPriceProductToCartTest()[pri:0, instance:InventoryTests.AddLowestPriceProductToCartTest@2cf3d63b]" started-at="2025-05-16T15:07:45 IST" name="tc_02_AddLowestPriceProductToCartTest" finished-at="2025-05-16T15:07:49 IST" duration-ms="4308" status="PASS">
          <reporter-output>
          </reporter-output>
        </test-method> <!-- tc_02_AddLowestPriceProductToCartTest -->
        <test-method is-config="true" signature="amConfig()[pri:0, instance:InventoryTests.AddLowestPriceProductToCartTest@2cf3d63b]" started-at="2025-05-16T15:07:49 IST" name="amConfig" finished-at="2025-05-16T15:07:50 IST" duration-ms="436" status="PASS">
          <reporter-output>
          </reporter-output>
        </test-method> <!-- amConfig -->
        <test-method is-config="true" signature="acConfig()[pri:0, instance:InventoryTests.AddLowestPriceProductToCartTest@2cf3d63b]" started-at="2025-05-16T15:07:50 IST" name="acConfig" finished-at="2025-05-16T15:07:54 IST" duration-ms="3889" status="PASS">
          <reporter-output>
          </reporter-output>
        </test-method> <!-- acConfig -->
        <test-method is-config="true" signature="asConfig()[pri:0, instance:InventoryTests.AddLowestPriceProductToCartTest@2cf3d63b]" started-at="2025-05-16T15:07:56 IST" name="asConfig" finished-at="2025-05-16T15:07:56 IST" duration-ms="1" status="PASS">
          <reporter-output>
          </reporter-output>
        </test-method> <!-- asConfig -->
      </class> <!-- InventoryTests.AddLowestPriceProductToCartTest -->
    </test> <!-- Default test -->
  </suite> <!-- Default suite -->
</testng-results>
